TN:
SF:/home/giacomo/Programming/test/test_rust/minigrep/pack1/src/lib.rs
FN:5,run
FNF:1
FNDA:0,run
DA:5,0
DA:6,0
DA:7,0
DA:8,0
DA:11,0
DA:14,0
DA:16,0
DA:26,0
DA:27,0
DA:28,0
DA:31,0
DA:32,0
DA:34,0
DA:36,0
DA:40,1
DA:41,1
DA:43,3
DA:44,1
DA:45,1
DA:49,1
DA:52,1
DA:53,1
DA:54,1
DA:57,3
DA:58,2
DA:59,1
DA:63,1
LF:27
LH:13
end_of_record
TN:
SF:/home/giacomo/Programming/test/test_rust/minigrep/pack1/src/main.rs
FN:5,main
FNF:1
FNDA:0,main
DA:5,0
DA:6,0
DA:8,0
DA:9,0
DA:10,0
DA:12,0
DA:14,0
DA:15,0
DA:16,0
LF:9
LH:0
end_of_record
TN:
SF:/home/giacomo/Programming/test/test_rust/minigrep/pack2/src/front_of_house/hosting1/hosting1_1.rs
FN:1,add_to_waitlist1_1
FNF:1
FNDA:1,add_to_waitlist1_1
DA:1,1
DA:2,1
LF:2
LH:2
end_of_record
TN:
SF:/home/giacomo/Programming/test/test_rust/minigrep/pack2/src/front_of_house/hosting1.rs
FN:6,add_to_waitlist1
FNF:1
FNDA:1,add_to_waitlist1
DA:6,1
DA:7,1
LF:2
LH:2
end_of_record
TN:
SF:/home/giacomo/Programming/test/test_rust/minigrep/pack2/src/front_of_house/hosting2.rs
FN:1,add_to_waitlist2
FNF:1
FNDA:1,add_to_waitlist2
DA:1,1
DA:2,1
LF:2
LH:2
end_of_record
TN:
SF:/home/giacomo/Programming/test/test_rust/minigrep/pack2/src/front_of_house.rs
FN:4,front_of_house_f
FNF:1
FNDA:1,front_of_house_f
DA:4,1
DA:5,1
DA:6,1
DA:7,1
DA:8,1
DA:9,1
DA:10,1
LF:7
LH:7
end_of_record
TN:
SF:/home/giacomo/Programming/test/test_rust/minigrep/pack2/src/lib.rs
FN:5,eat_at_restaurant
FNF:1
FNDA:1,eat_at_restaurant
DA:5,1
DA:7,1
DA:8,1
DA:9,1
DA:10,1
DA:12,1
LF:6
LH:6
end_of_record
